2023-04-03 02:16:10.419251 - Initialized conversion of CBT731
2023-04-03 02:16:11.650193 - Received SBGOLOB.CBT505.FILE731 from FILE731.XMI 
2023-04-03 02:16:11.652771 - Found $$$#DATE.txt (text/plain) in SBGOLOB.CBT505.FILE731, moved to FILE731/$$$#DATE
2023-04-03 02:16:11.654085 - Found $$CHGUCB.txt (text/plain) in SBGOLOB.CBT505.FILE731, moved to FILE731/$$CHGUCB
2023-04-03 02:16:11.655233 - Found $$NOTE01.txt (text/plain) in SBGOLOB.CBT505.FILE731, moved to FILE731/$$NOTE01
2023-04-03 02:16:11.656325 - Found $PDSLOAD.jcl (text/plain) in SBGOLOB.CBT505.FILE731, moved to FILE731/$PDSLOAD
2023-04-03 02:16:11.657262 - Found $ULUNOTE.txt (text/plain) in SBGOLOB.CBT505.FILE731, moved to FILE731/$ULUNOTE
2023-04-03 02:16:11.658127 - Found $ULU3COD.txt (text/plain) in SBGOLOB.CBT505.FILE731, moved to FILE731/$ULU3COD
2023-04-03 02:16:11.659099 - Found @FILE731.txt (text/plain) in SBGOLOB.CBT505.FILE731, moved to FILE731/@FILE731
2023-04-03 02:16:11.660134 - Found ADIS.txt (text/plain) in SBGOLOB.CBT505.FILE731, moved to FILE731/ADIS
2023-04-03 02:16:11.661202 - Found ADIS$.jcl (text/plain) in SBGOLOB.CBT505.FILE731, moved to FILE731/ADIS$
2023-04-03 02:16:11.662206 - Found ADIS@.txt (text/plain) in SBGOLOB.CBT505.FILE731, moved to FILE731/ADIS@
2023-04-03 02:16:11.663197 - Found ALLIDS.txt (text/plain) in SBGOLOB.CBT505.FILE731, moved to FILE731/ALLIDS
2023-04-03 02:16:11.664241 - Found ALLIDS$.jcl (text/plain) in SBGOLOB.CBT505.FILE731, moved to FILE731/ALLIDS$
2023-04-03 02:16:11.665137 - Found ALPL.txt (text/plain) in SBGOLOB.CBT505.FILE731, moved to FILE731/ALPL
2023-04-03 02:16:11.666085 - Found ALPL$.jcl (text/plain) in SBGOLOB.CBT505.FILE731, moved to FILE731/ALPL$
2023-04-03 02:16:11.667013 - Found ALPL@.txt (text/plain) in SBGOLOB.CBT505.FILE731, moved to FILE731/ALPL@
2023-04-03 02:16:11.667959 - Found APUT.txt (text/plain) in SBGOLOB.CBT505.FILE731, moved to FILE731/APUT
2023-04-03 02:16:11.668872 - Found BUFRSIZ$.jcl (text/plain) in SBGOLOB.CBT505.FILE731, moved to FILE731/BUFRSIZ$
2023-04-03 02:16:11.669745 - Found BUFRSIZE.txt (text/plain) in SBGOLOB.CBT505.FILE731, moved to FILE731/BUFRSIZE
2023-04-03 02:16:11.670664 - Found BYE.txt (text/plain) in SBGOLOB.CBT505.FILE731, moved to FILE731/BYE
2023-04-03 02:16:11.671899 - Found BYE$.jcl (text/plain) in SBGOLOB.CBT505.FILE731, moved to FILE731/BYE$
2023-04-03 02:16:11.673186 - Found CHNLEN.txt (text/plain) in SBGOLOB.CBT505.FILE731, moved to FILE731/CHNLEN
2023-04-03 02:16:11.674363 - Found CHNLEN$.jcl (text/plain) in SBGOLOB.CBT505.FILE731, moved to FILE731/CHNLEN$
2023-04-03 02:16:11.675815 - Found CINMX.txt (text/plain) in SBGOLOB.CBT505.FILE731, moved to FILE731/CINMX
2023-04-03 02:16:11.677043 - Found CINMX$.jcl (text/plain) in SBGOLOB.CBT505.FILE731, moved to FILE731/CINMX$
2023-04-03 02:16:11.678024 - Found CINMX@.txt (text/plain) in SBGOLOB.CBT505.FILE731, moved to FILE731/CINMX@
2023-04-03 02:16:11.678970 - Found CINMXBAT.jcl (text/plain) in SBGOLOB.CBT505.FILE731, moved to FILE731/CINMXBAT
2023-04-03 02:16:11.680325 - Found CLDACEE.txt (text/plain) in SBGOLOB.CBT505.FILE731, moved to FILE731/CLDACEE
2023-04-03 02:16:11.681376 - Found CLDACEE$.jcl (text/plain) in SBGOLOB.CBT505.FILE731, moved to FILE731/CLDACEE$
2023-04-03 02:16:11.682349 - Found CPFX.txt (text/plain) in SBGOLOB.CBT505.FILE731, moved to FILE731/CPFX
2023-04-03 02:16:11.683310 - Found CPFX$.jcl (text/plain) in SBGOLOB.CBT505.FILE731, moved to FILE731/CPFX$
2023-04-03 02:16:11.684258 - Found DACEE.txt (text/plain) in SBGOLOB.CBT505.FILE731, moved to FILE731/DACEE
2023-04-03 02:16:11.685133 - Found DACEE$.jcl (text/plain) in SBGOLOB.CBT505.FILE731, moved to FILE731/DACEE$
2023-04-03 02:16:11.686043 - Found DACEEO.txt (text/plain) in SBGOLOB.CBT505.FILE731, moved to FILE731/DACEEO
2023-04-03 02:16:11.686944 - Found DACEE1.txt (text/plain) in SBGOLOB.CBT505.FILE731, moved to FILE731/DACEE1
2023-04-03 02:16:11.687866 - Found DACEE2.txt (text/plain) in SBGOLOB.CBT505.FILE731, moved to FILE731/DACEE2
2023-04-03 02:16:11.688864 - Found DACEE3.txt (text/plain) in SBGOLOB.CBT505.FILE731, moved to FILE731/DACEE3
2023-04-03 02:16:11.689752 - Found DACEE4.txt (text/plain) in SBGOLOB.CBT505.FILE731, moved to FILE731/DACEE4
2023-04-03 02:16:11.690683 - Found DTEST.txt (text/plain) in SBGOLOB.CBT505.FILE731, moved to FILE731/DTEST
2023-04-03 02:16:11.691857 - Found DTEST$.jcl (text/plain) in SBGOLOB.CBT505.FILE731, moved to FILE731/DTEST$
2023-04-03 02:16:11.692917 - Found DVAT.txt (text/plain) in SBGOLOB.CBT505.FILE731, moved to FILE731/DVAT
2023-04-03 02:16:11.693887 - Found DVAT$.jcl (text/plain) in SBGOLOB.CBT505.FILE731, moved to FILE731/DVAT$
2023-04-03 02:16:11.694788 - Found EESCB.txt (text/plain) in SBGOLOB.CBT505.FILE731, moved to FILE731/EESCB
2023-04-03 02:16:11.695879 - Found EESCB$.jcl (text/plain) in SBGOLOB.CBT505.FILE731, moved to FILE731/EESCB$
2023-04-03 02:16:11.696845 - Found EESCB@.txt (text/plain) in SBGOLOB.CBT505.FILE731, moved to FILE731/EESCB@
2023-04-03 02:16:11.697710 - Found EESCBBAT.jcl (text/plain) in SBGOLOB.CBT505.FILE731, moved to FILE731/EESCBBAT
2023-04-03 02:16:11.698574 - Found ENGTRAN$.jcl (text/plain) in SBGOLOB.CBT505.FILE731, moved to FILE731/ENGTRAN$
2023-04-03 02:16:11.699510 - Found ENGTRANS.txt (text/plain) in SBGOLOB.CBT505.FILE731, moved to FILE731/ENGTRANS
2023-04-03 02:16:11.700365 - Found EPUTL.txt (text/plain) in SBGOLOB.CBT505.FILE731, moved to FILE731/EPUTL
2023-04-03 02:16:11.701226 - Found EPUTL$.jcl (text/plain) in SBGOLOB.CBT505.FILE731, moved to FILE731/EPUTL$
2023-04-03 02:16:11.702089 - Found FPASS.txt (text/plain) in SBGOLOB.CBT505.FILE731, moved to FILE731/FPASS
2023-04-03 02:16:11.703000 - Found FPASS$.jcl (text/plain) in SBGOLOB.CBT505.FILE731, moved to FILE731/FPASS$
2023-04-03 02:16:11.704360 - Found HIBFREX$.jcl (text/plain) in SBGOLOB.CBT505.FILE731, moved to FILE731/HIBFREX$
2023-04-03 02:16:11.705315 - Found HIBFREXT.txt (text/plain) in SBGOLOB.CBT505.FILE731, moved to FILE731/HIBFREXT
2023-04-03 02:16:11.706218 - Found INMXD.txt (text/plain) in SBGOLOB.CBT505.FILE731, moved to FILE731/INMXD
2023-04-03 02:16:11.707119 - Found INMXD$.jcl (text/plain) in SBGOLOB.CBT505.FILE731, moved to FILE731/INMXD$
2023-04-03 02:16:11.708181 - Found INMXD@.txt (text/plain) in SBGOLOB.CBT505.FILE731, moved to FILE731/INMXD@
2023-04-03 02:16:11.709270 - Found IOSDIOVT.txt (text/plain) in SBGOLOB.CBT505.FILE731, moved to FILE731/IOSDIOVT
2023-04-03 02:16:11.710391 - Found IOSDULUT.txt (text/plain) in SBGOLOB.CBT505.FILE731, moved to FILE731/IOSDULUT
2023-04-03 02:16:11.711397 - Found IOSDULU2.txt (text/plain) in SBGOLOB.CBT505.FILE731, moved to FILE731/IOSDULU2
2023-04-03 02:16:11.712691 - Found IOSDULU3.txt (text/plain) in SBGOLOB.CBT505.FILE731, moved to FILE731/IOSDULU3
2023-04-03 02:16:11.867699 - Found LOADLIB.xmi (application/xmit) in SBGOLOB.CBT505.FILE731
2023-04-03 02:16:11.993288   - Received RECFM=U data, stored XMIT file as CBT731/LOADLIB.xmi
2023-04-03 02:16:11.994243 - Found LOADTCTP.txt (text/plain) in SBGOLOB.CBT505.FILE731, moved to FILE731/LOADTCTP
2023-04-03 02:16:11.995203 - Found LOADTDIS.jcl (text/plain) in SBGOLOB.CBT505.FILE731, moved to FILE731/LOADTDIS
2023-04-03 02:16:11.996151 - Found LOADTES$.jcl (text/plain) in SBGOLOB.CBT505.FILE731, moved to FILE731/LOADTES$
2023-04-03 02:16:11.997293 - Found LOADTEST.txt (text/plain) in SBGOLOB.CBT505.FILE731, moved to FILE731/LOADTEST
2023-04-03 02:16:11.998448 - Found LOADTHEL.txt (text/plain) in SBGOLOB.CBT505.FILE731, moved to FILE731/LOADTHEL
2023-04-03 02:16:11.999518 - Found LOADTREP.jcl (text/plain) in SBGOLOB.CBT505.FILE731, moved to FILE731/LOADTREP
2023-04-03 02:16:12.000426 - Found LOADTRES.jcl (text/plain) in SBGOLOB.CBT505.FILE731, moved to FILE731/LOADTRES
2023-04-03 02:16:12.001492 - Found LOADTSIN.txt (text/plain) in SBGOLOB.CBT505.FILE731, moved to FILE731/LOADTSIN
2023-04-03 02:16:12.002482 - Found LOBFREX$.jcl (text/plain) in SBGOLOB.CBT505.FILE731, moved to FILE731/LOBFREX$
2023-04-03 02:16:12.003724 - Found LOBFREXT.txt (text/plain) in SBGOLOB.CBT505.FILE731, moved to FILE731/LOBFREXT
2023-04-03 02:16:12.004793 - Found LOGOPTS.txt (text/plain) in SBGOLOB.CBT505.FILE731, moved to FILE731/LOGOPTS
2023-04-03 02:16:12.005897 - Found LOGOPTS$.jcl (text/plain) in SBGOLOB.CBT505.FILE731, moved to FILE731/LOGOPTS$
2023-04-03 02:16:12.006962 - Found LOGOPTS@.txt (text/plain) in SBGOLOB.CBT505.FILE731, moved to FILE731/LOGOPTS@
2023-04-03 02:16:12.008073 - Found LOKSES.txt (text/plain) in SBGOLOB.CBT505.FILE731, moved to FILE731/LOKSES
2023-04-03 02:16:12.009064 - Found LOKSES$.jcl (text/plain) in SBGOLOB.CBT505.FILE731, moved to FILE731/LOKSES$
2023-04-03 02:16:12.010076 - Found MEMBER.txt (text/plain) in SBGOLOB.CBT505.FILE731, moved to FILE731/MEMBER
2023-04-03 02:16:12.011181 - Found MEMBER$.jcl (text/plain) in SBGOLOB.CBT505.FILE731, moved to FILE731/MEMBER$
2023-04-03 02:16:12.012396 - Found MODGEN.txt (text/plain) in SBGOLOB.CBT505.FILE731, moved to FILE731/MODGEN
2023-04-03 02:16:12.013323 - Found NOLOGOF.jcl (text/plain) in SBGOLOB.CBT505.FILE731, moved to FILE731/NOLOGOF
2023-04-03 02:16:12.014405 - Found NUMERIC.txt (text/plain) in SBGOLOB.CBT505.FILE731, moved to FILE731/NUMERIC
2023-04-03 02:16:12.020366 - Found PDSLOAD.xmi (application/xmit) in SBGOLOB.CBT505.FILE731
2023-04-03 02:16:12.028375   - Received RECFM=U data, stored XMIT file as CBT731/PDSLOAD.xmi
2023-04-03 02:16:12.029322 - Found RECONLI$.jcl (text/plain) in SBGOLOB.CBT505.FILE731, moved to FILE731/RECONLI$
2023-04-03 02:16:12.030245 - Found RECONLIM.txt (text/plain) in SBGOLOB.CBT505.FILE731, moved to FILE731/RECONLIM
2023-04-03 02:16:12.031219 - Found RELOGON.jcl (text/plain) in SBGOLOB.CBT505.FILE731, moved to FILE731/RELOGON
2023-04-03 02:16:12.032287 - Found RELOGON#.txt (text/plain) in SBGOLOB.CBT505.FILE731, moved to FILE731/RELOGON#
2023-04-03 02:16:12.033337 - Found SCRSIZE.txt (text/plain) in SBGOLOB.CBT505.FILE731, moved to FILE731/SCRSIZE
2023-04-03 02:16:12.034254 - Found SCRSIZE$.jcl (text/plain) in SBGOLOB.CBT505.FILE731, moved to FILE731/SCRSIZE$
2023-04-03 02:16:12.035207 - Found SHOWRLG#.txt (text/plain) in SBGOLOB.CBT505.FILE731, moved to FILE731/SHOWRLG#
2023-04-03 02:16:12.036089 - Found SHOWRLGB.jcl (text/plain) in SBGOLOB.CBT505.FILE731, moved to FILE731/SHOWRLGB
2023-04-03 02:16:12.036964 - Found SHOWTCA$.jcl (text/plain) in SBGOLOB.CBT505.FILE731, moved to FILE731/SHOWTCA$
2023-04-03 02:16:12.037848 - Found SHOWTCAS.txt (text/plain) in SBGOLOB.CBT505.FILE731, moved to FILE731/SHOWTCAS
2023-04-03 02:16:12.039128 - Found SHOWTPV$.jcl (text/plain) in SBGOLOB.CBT505.FILE731, moved to FILE731/SHOWTPV$
2023-04-03 02:16:12.040202 - Found SHOWTPVT.txt (text/plain) in SBGOLOB.CBT505.FILE731, moved to FILE731/SHOWTPVT
2023-04-03 02:16:12.041297 - Found TPRV.txt (text/plain) in SBGOLOB.CBT505.FILE731, moved to FILE731/TPRV
2023-04-03 02:16:12.042419 - Found TPRV$.jcl (text/plain) in SBGOLOB.CBT505.FILE731, moved to FILE731/TPRV$
2023-04-03 02:16:12.043523 - Found TRMSZRP$.jcl (text/plain) in SBGOLOB.CBT505.FILE731, moved to FILE731/TRMSZRP$
2023-04-03 02:16:12.044496 - Found TRMSZRPT.txt (text/plain) in SBGOLOB.CBT505.FILE731, moved to FILE731/TRMSZRPT
2023-04-03 02:16:12.045607 - Found TSOB.rexx (text/plain) in SBGOLOB.CBT505.FILE731, moved to FILE731/TSOB
2023-04-03 02:16:12.046599 - Found TSOE.rexx (text/plain) in SBGOLOB.CBT505.FILE731, moved to FILE731/TSOE
2023-04-03 02:16:12.047713 - Found TSOR.rexx (text/plain) in SBGOLOB.CBT505.FILE731, moved to FILE731/TSOR
2023-04-03 02:16:12.048750 - Found TSOV.rexx (text/plain) in SBGOLOB.CBT505.FILE731, moved to FILE731/TSOV
2023-04-03 02:16:12.049691 - Found TSUINFO.txt (text/plain) in SBGOLOB.CBT505.FILE731, moved to FILE731/TSUINFO
2023-04-03 02:16:12.050622 - Found TSUINFO$.jcl (text/plain) in SBGOLOB.CBT505.FILE731, moved to FILE731/TSUINFO$
2023-04-03 02:16:12.052045 - Found TSUINFO#.txt (text/plain) in SBGOLOB.CBT505.FILE731, moved to FILE731/TSUINFO#
2023-04-03 02:16:12.053179 - Found TSVTTMO.txt (text/plain) in SBGOLOB.CBT505.FILE731, moved to FILE731/TSVTTMO
2023-04-03 02:16:12.054254 - Found TSVTTMO$.jcl (text/plain) in SBGOLOB.CBT505.FILE731, moved to FILE731/TSVTTMO$
2023-04-03 02:16:12.055473 - Found TSVT8.txt (text/plain) in SBGOLOB.CBT505.FILE731, moved to FILE731/TSVT8
2023-04-03 02:16:12.056502 - Found TSVT8$.jcl (text/plain) in SBGOLOB.CBT505.FILE731, moved to FILE731/TSVT8$
2023-04-03 02:16:12.057623 - Found TSVT8O.txt (text/plain) in SBGOLOB.CBT505.FILE731, moved to FILE731/TSVT8O
2023-04-03 02:16:12.058738 - Found UCBDASD.txt (text/plain) in SBGOLOB.CBT505.FILE731, moved to FILE731/UCBDASD
2023-04-03 02:16:12.059722 - Found UCBDASD$.jcl (text/plain) in SBGOLOB.CBT505.FILE731, moved to FILE731/UCBDASD$
2023-04-03 02:16:12.060790 - Found UCBDASD1.txt (text/plain) in SBGOLOB.CBT505.FILE731, moved to FILE731/UCBDASD1
2023-04-03 02:16:12.061729 - Found UCBDASD2.txt (text/plain) in SBGOLOB.CBT505.FILE731, moved to FILE731/UCBDASD2
2023-04-03 02:16:12.062877 - Found UCBTAPE.txt (text/plain) in SBGOLOB.CBT505.FILE731, moved to FILE731/UCBTAPE
2023-04-03 02:16:12.063834 - Found UCBTAPE$.jcl (text/plain) in SBGOLOB.CBT505.FILE731, moved to FILE731/UCBTAPE$
2023-04-03 02:16:12.064862 - Found UCBTAPE#.txt (text/plain) in SBGOLOB.CBT505.FILE731, moved to FILE731/UCBTAPE#
2023-04-03 02:16:12.065963 - Found UCBTAPE1.txt (text/plain) in SBGOLOB.CBT505.FILE731, moved to FILE731/UCBTAPE1
2023-04-03 02:16:12.067012 - Found UCBTYPE.txt (text/plain) in SBGOLOB.CBT505.FILE731, moved to FILE731/UCBTYPE
2023-04-03 02:16:12.067908 - Found UCBTYPE$.jcl (text/plain) in SBGOLOB.CBT505.FILE731, moved to FILE731/UCBTYPE$
2023-04-03 02:16:12.069020 - Found UCBTYPE1.txt (text/plain) in SBGOLOB.CBT505.FILE731, moved to FILE731/UCBTYPE1
2023-04-03 02:16:12.070004 - Found USERMAX.txt (text/plain) in SBGOLOB.CBT505.FILE731, moved to FILE731/USERMAX
2023-04-03 02:16:12.071127 - Found USERMAX$.jcl (text/plain) in SBGOLOB.CBT505.FILE731, moved to FILE731/USERMAX$
2023-04-03 02:16:12.072143 - Found XOR.jcl (text/plain) in SBGOLOB.CBT505.FILE731, moved to FILE731/XOR
2023-04-03 02:16:12.073060 - Found YESLOGOF.jcl (text/plain) in SBGOLOB.CBT505.FILE731, moved to FILE731/YESLOGOF
2023-04-03 02:16:12.073992 - Found ZAPLWA.txt (text/plain) in SBGOLOB.CBT505.FILE731, moved to FILE731/ZAPLWA
2023-04-03 02:16:12.075001 - Found ZAPLWA$.jcl (text/plain) in SBGOLOB.CBT505.FILE731, moved to FILE731/ZAPLWA$
2023-04-03 02:16:12.076473 - Found ZAPLWA#.txt (text/plain) in SBGOLOB.CBT505.FILE731, moved to FILE731/ZAPLWA#
